<?xml version="1.0" encoding="UTF-8"?>
<testsuite name="org.zerock.ex22_0817.repository.MemoRepositoryTests" tests="1" skipped="0" failures="0" errors="0" timestamp="2022-08-17T08:06:54" hostname="DESKTOP-DP60V3A" time="0.184">
  <properties/>
  <testcase name="testDelete()" classname="org.zerock.ex22_0817.repository.MemoRepositoryTests" time="0.184"/>
  <system-out><![CDATA[17:06:50.745 [Test worker] DEBUG org.springframework.test.context.BootstrapUtils - Instantiating CacheAwareContextLoaderDelegate from class [org.springframework.test.context.cache.DefaultCacheAwareContextLoaderDelegate]
17:06:50.755 [Test worker] DEBUG org.springframework.test.context.BootstrapUtils - Instantiating BootstrapContext using constructor [public org.springframework.test.context.support.DefaultBootstrapContext(java.lang.Class,org.springframework.test.context.CacheAwareContextLoaderDelegate)]
17:06:50.783 [Test worker] DEBUG org.springframework.test.context.BootstrapUtils - Instantiating TestContextBootstrapper for test class [org.zerock.ex22_0817.repository.MemoRepositoryTests] from class [org.springframework.boot.test.context.SpringBootTestContextBootstrapper]
17:06:50.793 [Test worker] INFO org.springframework.boot.test.context.SpringBootTestContextBootstrapper - Neither @ContextConfiguration nor @ContextHierarchy found for test class [org.zerock.ex22_0817.repository.MemoRepositoryTests], using SpringBootContextLoader
17:06:50.797 [Test worker] DEBUG org.springframework.test.context.support.AbstractContextLoader - Did not detect default resource location for test class [org.zerock.ex22_0817.repository.MemoRepositoryTests]: class path resource [org/zerock/ex22_0817/repository/MemoRepositoryTests-context.xml] does not exist
17:06:50.798 [Test worker] DEBUG org.springframework.test.context.support.AbstractContextLoader - Did not detect default resource location for test class [org.zerock.ex22_0817.repository.MemoRepositoryTests]: class path resource [org/zerock/ex22_0817/repository/MemoRepositoryTestsContext.groovy] does not exist
17:06:50.798 [Test worker] INFO org.springframework.test.context.support.AbstractContextLoader - Could not detect default resource locations for test class [org.zerock.ex22_0817.repository.MemoRepositoryTests]: no resource found for suffixes {-context.xml, Context.groovy}.
17:06:50.798 [Test worker] INFO org.springframework.test.context.support.AnnotationConfigContextLoaderUtils - Could not detect default configuration classes for test class [org.zerock.ex22_0817.repository.MemoRepositoryTests]: MemoRepositoryTests does not declare any static, non-private, non-final, nested classes annotated with @Configuration.
17:06:50.833 [Test worker] DEBUG org.springframework.test.context.support.ActiveProfilesUtils - Could not find an 'annotation declaring class' for annotation type [org.springframework.test.context.ActiveProfiles] and class [org.zerock.ex22_0817.repository.MemoRepositoryTests]
17:06:50.887 [Test worker] DEBUG org.springframework.context.annotation.ClassPathScanningCandidateComponentProvider - Identified candidate component class: file [C:\_project\ex22_0817\build\classes\java\main\org\zerock\ex22_0817\Ex220817Application.class]
17:06:50.888 [Test worker] INFO org.springframework.boot.test.context.SpringBootTestContextBootstrapper - Found @SpringBootConfiguration org.zerock.ex22_0817.Ex220817Application for test class org.zerock.ex22_0817.repository.MemoRepositoryTests
17:06:50.983 [Test worker] DEBUG org.springframework.boot.test.context.SpringBootTestContextBootstrapper - @TestExecutionListeners is not present for class [org.zerock.ex22_0817.repository.MemoRepositoryTests]: using defaults.
17:06:50.983 [Test worker] INFO org.springframework.boot.test.context.SpringBootTestContextBootstrapper - Loaded default TestExecutionListener class names from location [META-INF/spring.factories]: [org.springframework.boot.test.autoconfigure.restdocs.RestDocsTestExecutionListener, org.springframework.boot.test.autoconfigure.web.client.MockRestServiceServerResetTestExecutionListener, org.springframework.boot.test.autoconfigure.web.servlet.MockMvcPrintOnlyOnFailureTestExecutionListener, org.springframework.boot.test.autoconfigure.web.servlet.WebDriverTestExecutionListener, org.springframework.boot.test.autoconfigure.webservices.client.MockWebServiceServerTestExecutionListener, org.springframework.boot.test.mock.mockito.MockitoTestExecutionListener, org.springframework.boot.test.mock.mockito.ResetMocksTestExecutionListener, org.springframework.test.context.web.ServletTestExecutionListener, org.springframework.test.context.support.DirtiesContextBeforeModesTestExecutionListener, org.springframework.test.context.event.ApplicationEventsTestExecutionListener, org.springframework.test.context.support.DependencyInjectionTestExecutionListener, org.springframework.test.context.support.DirtiesContextTestExecutionListener, org.springframework.test.context.transaction.TransactionalTestExecutionListener, org.springframework.test.context.jdbc.SqlScriptsTestExecutionListener, org.springframework.test.context.event.EventPublishingTestExecutionListener]
17:06:51.000 [Test worker] INFO org.springframework.boot.test.context.SpringBootTestContextBootstrapper - Using TestExecutionListeners: [org.springframework.test.context.web.ServletTestExecutionListener@17c473a, org.springframework.test.context.support.DirtiesContextBeforeModesTestExecutionListener@4bd84a, org.springframework.test.context.event.ApplicationEventsTestExecutionListener@8c94da, org.springframework.boot.test.mock.mockito.MockitoTestExecutionListener@62b5bc, org.springframework.boot.test.autoconfigure.SpringBootDependencyInjectionTestExecutionListener@1de625d, org.springframework.test.context.support.DirtiesContextTestExecutionListener@15779e4, org.springframework.test.context.transaction.TransactionalTestExecutionListener@1fd0d10, org.springframework.test.context.jdbc.SqlScriptsTestExecutionListener@d9d86, org.springframework.test.context.event.EventPublishingTestExecutionListener@e1d6d0, org.springframework.boot.test.autoconfigure.restdocs.RestDocsTestExecutionListener@111ef1, org.springframework.boot.test.autoconfigure.web.client.MockRestServiceServerResetTestExecutionListener@13f02ee, org.springframework.boot.test.autoconfigure.web.servlet.MockMvcPrintOnlyOnFailureTestExecutionListener@1de5d22, org.springframework.boot.test.autoconfigure.web.servlet.WebDriverTestExecutionListener@1cb4f5f, org.springframework.boot.test.autoconfigure.webservices.client.MockWebServiceServerTestExecutionListener@1812481, org.springframework.boot.test.mock.mockito.ResetMocksTestExecutionListener@ce702d]
17:06:51.003 [Test worker] DEBUG org.springframework.test.context.support.AbstractDirtiesContextTestExecutionListener - Before test class: context [DefaultTestContext@f5ce22 testClass = MemoRepositoryTests, testInstance = [null], testMethod = [null], testException = [null], mergedContextConfiguration = [WebMergedContextConfiguration@1aca718 testClass = MemoRepositoryTests, locations = '{}', classes = '{class org.zerock.ex22_0817.Ex220817Application}', contextInitializerClasses = '[]', activeProfiles = '{}', propertySourceLocations = '{}', propertySourceProperties = '{org.springframework.boot.test.context.SpringBootTestContextBootstrapper=true}', contextCustomizers = set[org.springframework.boot.test.autoconfigure.actuate.metrics.MetricsExportContextCustomizerFactory$DisableMetricExportContextCustomizer@5ed836, org.springframework.boot.test.autoconfigure.properties.PropertyMappingContextCustomizer@0, org.springframework.boot.test.autoconfigure.web.servlet.WebDriverContextCustomizerFactory$Customizer@10da477, org.springframework.boot.test.context.filter.ExcludeFilterContextCustomizer@7cd6cc, org.springframework.boot.test.json.DuplicateJsonObjectContextCustomizerFactory$DuplicateJsonObjectContextCustomizer@1ecda92, org.springframework.boot.test.mock.mockito.MockitoContextCustomizer@0, org.springframework.boot.test.web.client.TestRestTemplateContextCustomizer@182859e, org.springframework.boot.test.context.SpringBootTestArgs@1, org.springframework.boot.test.context.SpringBootTestWebEnvironment@14cb805], resourceBasePath = 'src/main/webapp', contextLoader = 'org.springframework.boot.test.context.SpringBootContextLoader', parent = [null]], attributes = map['org.springframework.test.context.web.ServletTestExecutionListener.activateListener' -> true]], class annotated with @DirtiesContext [false] with mode [null].

  .   ____          _            __ _ _
 /\\ / ___'_ __ _ _(_)_ __  __ _ \ \ \ \
( ( )\___ | '_ | '_| | '_ \/ _` | \ \ \ \
 \\/  ___)| |_)| | | | | || (_| |  ) ) ) )
  '  |____| .__|_| |_|_| |_\__, | / / / /
 =========|_|==============|___/=/_/_/_/
 :: Spring Boot ::                (v2.7.2)

2022-08-17 17:06:51.250  INFO 10936 --- [    Test worker] o.z.e.repository.MemoRepositoryTests     : Starting MemoRepositoryTests using Java 1.8.0_65 on DESKTOP-DP60V3A with PID 10936 (started by user in C:\_project\ex22_0817)
2022-08-17 17:06:51.251  INFO 10936 --- [    Test worker] o.z.e.repository.MemoRepositoryTests     : No active profile set, falling back to 1 default profile: "default"
2022-08-17 17:06:51.718  INFO 10936 --- [    Test worker] .s.d.r.c.RepositoryConfigurationDelegate : Bootstrapping Spring Data JPA repositories in DEFAULT mode.
2022-08-17 17:06:51.762  INFO 10936 --- [    Test worker] .s.d.r.c.RepositoryConfigurationDelegate : Finished Spring Data repository scanning in 35 ms. Found 1 JPA repository interfaces.
2022-08-17 17:06:52.223  INFO 10936 --- [    Test worker] o.hibernate.jpa.internal.util.LogHelper  : HHH000204: Processing PersistenceUnitInfo [name: default]
2022-08-17 17:06:52.274  INFO 10936 --- [    Test worker] org.hibernate.Version                    : HHH000412: Hibernate ORM core version 5.6.10.Final
2022-08-17 17:06:52.448  INFO 10936 --- [    Test worker] o.hibernate.annotations.common.Version   : HCANN000001: Hibernate Commons Annotations {5.1.2.Final}
2022-08-17 17:06:52.608  INFO 10936 --- [    Test worker] com.zaxxer.hikari.HikariDataSource       : HikariPool-1 - Starting...
2022-08-17 17:06:52.868  INFO 10936 --- [    Test worker] com.zaxxer.hikari.HikariDataSource       : HikariPool-1 - Start completed.
2022-08-17 17:06:52.903  INFO 10936 --- [    Test worker] org.hibernate.dialect.Dialect            : HHH000400: Using dialect: org.hibernate.dialect.MySQL8Dialect
2022-08-17 17:06:53.462  INFO 10936 --- [    Test worker] o.h.e.t.j.p.i.JtaPlatformInitiator       : HHH000490: Using JtaPlatform implementation: [org.hibernate.engine.transaction.jta.platform.internal.NoJtaPlatform]
2022-08-17 17:06:53.471  INFO 10936 --- [    Test worker] j.LocalContainerEntityManagerFactoryBean : Initialized JPA EntityManagerFactory for persistence unit 'default'
2022-08-17 17:06:53.651  WARN 10936 --- [    Test worker] JpaBaseConfiguration$JpaWebConfiguration : spring.jpa.open-in-view is enabled by default. Therefore, database queries may be performed during view rendering. Explicitly configure spring.jpa.open-in-view to disable this warning
2022-08-17 17:06:54.421  INFO 10936 --- [    Test worker] o.z.e.repository.MemoRepositoryTests     : Started MemoRepositoryTests in 3.386 seconds (JVM running for 4.226)
Hibernate: 
    select
        memo0_.mno as mno1_0_0_,
        memo0_.memo_text as memo_tex2_0_0_ 
    from
        tb4_memo memo0_ 
    where
        memo0_.mno=?
Hibernate: 
    delete 
    from
        tb4_memo 
    where
        mno=?
]]></system-out>
  <system-err><![CDATA[]]></system-err>
</testsuite>
