<?xml version="1.0" encoding="UTF-8"?>
<testsuite name="org.zerock.ex2.repository.MemoRepositoryTests" tests="1" skipped="0" failures="0" errors="0" timestamp="2022-08-17T01:18:40" hostname="DESKTOP-DP60V3A" time="0.204">
  <properties/>
  <testcase name="testUpdate()" classname="org.zerock.ex2.repository.MemoRepositoryTests" time="0.204"/>
  <system-out><![CDATA[10:18:36.463 [Test worker] DEBUG org.springframework.test.context.BootstrapUtils - Instantiating CacheAwareContextLoaderDelegate from class [org.springframework.test.context.cache.DefaultCacheAwareContextLoaderDelegate]
10:18:36.473 [Test worker] DEBUG org.springframework.test.context.BootstrapUtils - Instantiating BootstrapContext using constructor [public org.springframework.test.context.support.DefaultBootstrapContext(java.lang.Class,org.springframework.test.context.CacheAwareContextLoaderDelegate)]
10:18:36.501 [Test worker] DEBUG org.springframework.test.context.BootstrapUtils - Instantiating TestContextBootstrapper for test class [org.zerock.ex2.repository.MemoRepositoryTests] from class [org.springframework.boot.test.context.SpringBootTestContextBootstrapper]
10:18:36.511 [Test worker] INFO org.springframework.boot.test.context.SpringBootTestContextBootstrapper - Neither @ContextConfiguration nor @ContextHierarchy found for test class [org.zerock.ex2.repository.MemoRepositoryTests], using SpringBootContextLoader
10:18:36.514 [Test worker] DEBUG org.springframework.test.context.support.AbstractContextLoader - Did not detect default resource location for test class [org.zerock.ex2.repository.MemoRepositoryTests]: class path resource [org/zerock/ex2/repository/MemoRepositoryTests-context.xml] does not exist
10:18:36.515 [Test worker] DEBUG org.springframework.test.context.support.AbstractContextLoader - Did not detect default resource location for test class [org.zerock.ex2.repository.MemoRepositoryTests]: class path resource [org/zerock/ex2/repository/MemoRepositoryTestsContext.groovy] does not exist
10:18:36.515 [Test worker] INFO org.springframework.test.context.support.AbstractContextLoader - Could not detect default resource locations for test class [org.zerock.ex2.repository.MemoRepositoryTests]: no resource found for suffixes {-context.xml, Context.groovy}.
10:18:36.515 [Test worker] INFO org.springframework.test.context.support.AnnotationConfigContextLoaderUtils - Could not detect default configuration classes for test class [org.zerock.ex2.repository.MemoRepositoryTests]: MemoRepositoryTests does not declare any static, non-private, non-final, nested classes annotated with @Configuration.
10:18:36.552 [Test worker] DEBUG org.springframework.test.context.support.ActiveProfilesUtils - Could not find an 'annotation declaring class' for annotation type [org.springframework.test.context.ActiveProfiles] and class [org.zerock.ex2.repository.MemoRepositoryTests]
10:18:36.603 [Test worker] DEBUG org.springframework.context.annotation.ClassPathScanningCandidateComponentProvider - Identified candidate component class: file [C:\_project\ex2\build\classes\java\main\org\zerock\ex2\Ex2Application.class]
10:18:36.604 [Test worker] INFO org.springframework.boot.test.context.SpringBootTestContextBootstrapper - Found @SpringBootConfiguration org.zerock.ex2.Ex2Application for test class org.zerock.ex2.repository.MemoRepositoryTests
10:18:36.699 [Test worker] DEBUG org.springframework.boot.test.context.SpringBootTestContextBootstrapper - @TestExecutionListeners is not present for class [org.zerock.ex2.repository.MemoRepositoryTests]: using defaults.
10:18:36.700 [Test worker] INFO org.springframework.boot.test.context.SpringBootTestContextBootstrapper - Loaded default TestExecutionListener class names from location [META-INF/spring.factories]: [org.springframework.boot.test.autoconfigure.restdocs.RestDocsTestExecutionListener, org.springframework.boot.test.autoconfigure.web.client.MockRestServiceServerResetTestExecutionListener, org.springframework.boot.test.autoconfigure.web.servlet.MockMvcPrintOnlyOnFailureTestExecutionListener, org.springframework.boot.test.autoconfigure.web.servlet.WebDriverTestExecutionListener, org.springframework.boot.test.autoconfigure.webservices.client.MockWebServiceServerTestExecutionListener, org.springframework.boot.test.mock.mockito.MockitoTestExecutionListener, org.springframework.boot.test.mock.mockito.ResetMocksTestExecutionListener, org.springframework.test.context.web.ServletTestExecutionListener, org.springframework.test.context.support.DirtiesContextBeforeModesTestExecutionListener, org.springframework.test.context.event.ApplicationEventsTestExecutionListener, org.springframework.test.context.support.DependencyInjectionTestExecutionListener, org.springframework.test.context.support.DirtiesContextTestExecutionListener, org.springframework.test.context.transaction.TransactionalTestExecutionListener, org.springframework.test.context.jdbc.SqlScriptsTestExecutionListener, org.springframework.test.context.event.EventPublishingTestExecutionListener]
10:18:36.715 [Test worker] INFO org.springframework.boot.test.context.SpringBootTestContextBootstrapper - Using TestExecutionListeners: [org.springframework.test.context.web.ServletTestExecutionListener@15779e4, org.springframework.test.context.support.DirtiesContextBeforeModesTestExecutionListener@1fd0d10, org.springframework.test.context.event.ApplicationEventsTestExecutionListener@d9d86, org.springframework.boot.test.mock.mockito.MockitoTestExecutionListener@e1d6d0, org.springframework.boot.test.autoconfigure.SpringBootDependencyInjectionTestExecutionListener@111ef1, org.springframework.test.context.support.DirtiesContextTestExecutionListener@13f02ee, org.springframework.test.context.transaction.TransactionalTestExecutionListener@1de5d22, org.springframework.test.context.jdbc.SqlScriptsTestExecutionListener@1cb4f5f, org.springframework.test.context.event.EventPublishingTestExecutionListener@1812481, org.springframework.boot.test.autoconfigure.restdocs.RestDocsTestExecutionListener@ce702d, org.springframework.boot.test.autoconfigure.web.client.MockRestServiceServerResetTestExecutionListener@194089b, org.springframework.boot.test.autoconfigure.web.servlet.MockMvcPrintOnlyOnFailureTestExecutionListener@a20101, org.springframework.boot.test.autoconfigure.web.servlet.WebDriverTestExecutionListener@7f9738, org.springframework.boot.test.autoconfigure.webservices.client.MockWebServiceServerTestExecutionListener@155d082, org.springframework.boot.test.mock.mockito.ResetMocksTestExecutionListener@5ecce3]
10:18:36.718 [Test worker] DEBUG org.springframework.test.context.support.AbstractDirtiesContextTestExecutionListener - Before test class: context [DefaultTestContext@7776ab testClass = MemoRepositoryTests, testInstance = [null], testMethod = [null], testException = [null], mergedContextConfiguration = [WebMergedContextConfiguration@1179359 testClass = MemoRepositoryTests, locations = '{}', classes = '{class org.zerock.ex2.Ex2Application}', contextInitializerClasses = '[]', activeProfiles = '{}', propertySourceLocations = '{}', propertySourceProperties = '{org.springframework.boot.test.context.SpringBootTestContextBootstrapper=true}', contextCustomizers = set[org.springframework.boot.test.autoconfigure.actuate.metrics.MetricsExportContextCustomizerFactory$DisableMetricExportContextCustomizer@ce5371, org.springframework.boot.test.autoconfigure.properties.PropertyMappingContextCustomizer@0, org.springframework.boot.test.autoconfigure.web.servlet.WebDriverContextCustomizerFactory$Customizer@2829c7, org.springframework.boot.test.context.filter.ExcludeFilterContextCustomizer@1de24cc, org.springframework.boot.test.json.DuplicateJsonObjectContextCustomizerFactory$DuplicateJsonObjectContextCustomizer@990ed7, org.springframework.boot.test.mock.mockito.MockitoContextCustomizer@0, org.springframework.boot.test.web.client.TestRestTemplateContextCustomizer@1d80d2b, org.springframework.boot.test.context.SpringBootTestArgs@1, org.springframework.boot.test.context.SpringBootTestWebEnvironment@14cb805], resourceBasePath = 'src/main/webapp', contextLoader = 'org.springframework.boot.test.context.SpringBootContextLoader', parent = [null]], attributes = map['org.springframework.test.context.web.ServletTestExecutionListener.activateListener' -> true]], class annotated with @DirtiesContext [false] with mode [null].

  .   ____          _            __ _ _
 /\\ / ___'_ __ _ _(_)_ __  __ _ \ \ \ \
( ( )\___ | '_ | '_| | '_ \/ _` | \ \ \ \
 \\/  ___)| |_)| | | | | || (_| |  ) ) ) )
  '  |____| .__|_| |_|_| |_\__, | / / / /
 =========|_|==============|___/=/_/_/_/
 :: Spring Boot ::                (v2.7.2)

2022-08-17 10:18:36.964  INFO 10324 --- [    Test worker] o.z.ex2.repository.MemoRepositoryTests   : Starting MemoRepositoryTests using Java 1.8.0_65 on DESKTOP-DP60V3A with PID 10324 (started by user in C:\_project\ex2)
2022-08-17 10:18:36.965  INFO 10324 --- [    Test worker] o.z.ex2.repository.MemoRepositoryTests   : No active profile set, falling back to 1 default profile: "default"
2022-08-17 10:18:37.427  INFO 10324 --- [    Test worker] .s.d.r.c.RepositoryConfigurationDelegate : Bootstrapping Spring Data JPA repositories in DEFAULT mode.
2022-08-17 10:18:37.469  INFO 10324 --- [    Test worker] .s.d.r.c.RepositoryConfigurationDelegate : Finished Spring Data repository scanning in 35 ms. Found 1 JPA repository interfaces.
2022-08-17 10:18:37.924  INFO 10324 --- [    Test worker] o.hibernate.jpa.internal.util.LogHelper  : HHH000204: Processing PersistenceUnitInfo [name: default]
2022-08-17 10:18:37.974  INFO 10324 --- [    Test worker] org.hibernate.Version                    : HHH000412: Hibernate ORM core version 5.6.10.Final
2022-08-17 10:18:38.151  INFO 10324 --- [    Test worker] o.hibernate.annotations.common.Version   : HCANN000001: Hibernate Commons Annotations {5.1.2.Final}
2022-08-17 10:18:38.314  INFO 10324 --- [    Test worker] com.zaxxer.hikari.HikariDataSource       : HikariPool-1 - Starting...
2022-08-17 10:18:38.570  INFO 10324 --- [    Test worker] com.zaxxer.hikari.HikariDataSource       : HikariPool-1 - Start completed.
2022-08-17 10:18:38.606  INFO 10324 --- [    Test worker] org.hibernate.dialect.Dialect            : HHH000400: Using dialect: org.hibernate.dialect.MySQL8Dialect
2022-08-17 10:18:39.165  INFO 10324 --- [    Test worker] o.h.e.t.j.p.i.JtaPlatformInitiator       : HHH000490: Using JtaPlatform implementation: [org.hibernate.engine.transaction.jta.platform.internal.NoJtaPlatform]
2022-08-17 10:18:39.173  INFO 10324 --- [    Test worker] j.LocalContainerEntityManagerFactoryBean : Initialized JPA EntityManagerFactory for persistence unit 'default'
2022-08-17 10:18:39.354  WARN 10324 --- [    Test worker] JpaBaseConfiguration$JpaWebConfiguration : spring.jpa.open-in-view is enabled by default. Therefore, database queries may be performed during view rendering. Explicitly configure spring.jpa.open-in-view to disable this warning
2022-08-17 10:18:40.117  INFO 10324 --- [    Test worker] o.z.ex2.repository.MemoRepositoryTests   : Started MemoRepositoryTests in 3.367 seconds (JVM running for 4.259)
Hibernate: 
    select
        memo0_.mno as mno1_0_0_,
        memo0_.memo_text as memo_tex2_0_0_ 
    from
        tbl_memo2 memo0_ 
    where
        memo0_.mno=?
Hibernate: 
    update
        tbl_memo2 
    set
        memo_text=? 
    where
        mno=?
Memo(mno=100, memoText=업데이트래)
]]></system-out>
  <system-err><![CDATA[]]></system-err>
</testsuite>
